<?xml version="1.0" encoding="UTF-8"?>
<testng-results skipped="0" failed="1" ignored="0" total="4" passed="3">
  <reporter-output>
  </reporter-output>
  <suite name="mavenng" duration-ms="130" started-at="2020-03-03T18:25:20Z" finished-at="2020-03-03T18:25:20Z">
    <groups>
    </groups>
    <test name="flipkart" duration-ms="130" started-at="2020-03-03T18:25:20Z" finished-at="2020-03-03T18:25:20Z">
      <class name="package002.TestClass001">
        <test-method status="PASS" signature="Method1()[pri:0, instance:package002.TestClass001@2c6a3f77]" name="Method1" duration-ms="16" started-at="2020-03-03T18:25:20Z" finished-at="2020-03-03T18:25:20Z">
          <reporter-output>
          </reporter-output>
        </test-method> <!-- Method1 -->
        <test-method status="PASS" signature="Method2()[pri:0, instance:package002.TestClass001@2c6a3f77]" name="Method2" duration-ms="1" started-at="2020-03-03T18:25:20Z" finished-at="2020-03-03T18:25:20Z">
          <reporter-output>
          </reporter-output>
        </test-method> <!-- Method2 -->
        <test-method status="PASS" signature="Method3()[pri:0, instance:package002.TestClass001@2c6a3f77]" name="Method3" duration-ms="1" started-at="2020-03-03T18:25:20Z" finished-at="2020-03-03T18:25:20Z">
          <reporter-output>
          </reporter-output>
        </test-method> <!-- Method3 -->
        <test-method status="FAIL" signature="Method4()[pri:0, instance:package002.TestClass001@2c6a3f77]" name="Method4" duration-ms="2" started-at="2020-03-03T18:25:20Z" finished-at="2020-03-03T18:25:20Z">
          <exception class="java.lang.NullPointerException">
            <full-stacktrace>
              <![CDATA[java.lang.NullPointerException
at package002.TestClass001.Method4(TestClass001.java:37)
at sun.reflect.NativeMethodAccessorImpl.invoke0(Native Method)
at sun.reflect.NativeMethodAccessorImpl.invoke(NativeMethodAccessorImpl.java:62)
at sun.reflect.DelegatingMethodAccessorImpl.invoke(DelegatingMethodAccessorImpl.java:43)
at java.lang.reflect.Method.invoke(Method.java:498)
at org.testng.internal.MethodInvocationHelper.invokeMethod(MethodInvocationHelper.java:124)
at org.testng.internal.Invoker.invokeMethod(Invoker.java:583)
at org.testng.internal.Invoker.invokeTestMethod(Invoker.java:719)
at org.testng.internal.Invoker.invokeTestMethods(Invoker.java:989)
at org.testng.internal.TestMethodWorker.invokeTestMethods(TestMethodWorker.java:125)
at org.testng.internal.TestMethodWorker.run(TestMethodWorker.java:109)
at org.testng.TestRunner.privateRun(TestRunner.java:648)
at org.testng.TestRunner.run(TestRunner.java:505)
at org.testng.SuiteRunner.runTest(SuiteRunner.java:455)
at org.testng.SuiteRunner.runSequentially(SuiteRunner.java:450)
at org.testng.SuiteRunner.privateRun(SuiteRunner.java:415)
at org.testng.SuiteRunner.run(SuiteRunner.java:364)
at org.testng.SuiteRunnerWorker.runSuite(SuiteRunnerWorker.java:52)
at org.testng.SuiteRunnerWorker.run(SuiteRunnerWorker.java:84)
at org.testng.TestNG.runSuitesSequentially(TestNG.java:1208)
at org.testng.TestNG.runSuitesLocally(TestNG.java:1137)
at org.testng.TestNG.runSuites(TestNG.java:1049)
at org.testng.TestNG.run(TestNG.java:1017)
at org.apache.maven.surefire.testng.TestNGExecutor.run(TestNGExecutor.java:283)
at org.apache.maven.surefire.testng.TestNGXmlTestSuite.execute(TestNGXmlTestSuite.java:75)
at org.apache.maven.surefire.testng.TestNGProvider.invoke(TestNGProvider.java:120)
at org.apache.maven.surefire.booter.ForkedBooter.runSuitesInProcess(ForkedBooter.java:377)
at org.apache.maven.surefire.booter.ForkedBooter.execute(ForkedBooter.java:138)
at org.apache.maven.surefire.booter.ForkedBooter.run(ForkedBooter.java:465)
at org.apache.maven.surefire.booter.ForkedBooter.main(ForkedBooter.java:451)
]]>
            </full-stacktrace>
          </exception> <!-- java.lang.NullPointerException -->
          <reporter-output>
          </reporter-output>
        </test-method> <!-- Method4 -->
      </class> <!-- package002.TestClass001 -->
    </test> <!-- flipkart -->
  </suite> <!-- mavenng -->
</testng-results>
