<?xml version="1.0" encoding="UTF-8"?>
<testng-results skipped="0" failed="0" ignored="0" total="4" passed="4">
  <reporter-output>
  </reporter-output>
  <suite name="mavenng" duration-ms="79" started-at="2020-02-09T08:27:11Z" finished-at="2020-02-09T08:27:11Z">
    <groups>
    </groups>
    <test name="flipkart" duration-ms="79" started-at="2020-02-09T08:27:11Z" finished-at="2020-02-09T08:27:11Z">
      <class name="package002.TestClass001">
        <test-method status="PASS" signature="Method1()[pri:0, instance:package002.TestClass001@2c6a3f77]" name="Method1" duration-ms="16" started-at="2020-02-09T08:27:11Z" finished-at="2020-02-09T08:27:11Z">
          <reporter-output>
          </reporter-output>
        </test-method> <!-- Method1 -->
        <test-method status="PASS" signature="Method4()[pri:0, instance:package002.TestClass001@2c6a3f77]" name="Method4" duration-ms="0" started-at="2020-02-09T08:27:11Z" finished-at="2020-02-09T08:27:11Z">
          <reporter-output>
          </reporter-output>
        </test-method> <!-- Method4 -->
        <test-method status="PASS" signature="Method3()[pri:0, instance:package002.TestClass001@2c6a3f77]" name="Method3" duration-ms="0" started-at="2020-02-09T08:27:11Z" finished-at="2020-02-09T08:27:11Z">
          <reporter-output>
          </reporter-output>
        </test-method> <!-- Method3 -->
        <test-method status="PASS" signature="Method2()[pri:0, instance:package002.TestClass001@2c6a3f77]" name="Method2" duration-ms="0" started-at="2020-02-09T08:27:11Z" finished-at="2020-02-09T08:27:11Z">
          <reporter-output>
          </reporter-output>
        </test-method> <!-- Method2 -->
      </class> <!-- package002.TestClass001 -->
    </test> <!-- flipkart -->
  </suite> <!-- mavenng -->
</testng-results>
