-------------------------------------------------------------------------------
Test set: TestSuite
-------------------------------------------------------------------------------
Tests run: 4, Failures: 1, Errors: 0, Skipped: 0, Time elapsed: 2.036 s <<< FAILURE! - in TestSuite
package002.TestClass001.Method4  Time elapsed: 0.02 s  <<< FAILURE!
java.lang.NullPointerException
	at package002.TestClass001.Method4(TestClass001.java:37)

