<?xml version="1.0" encoding="UTF-8"?>
<testsuite xmlns:xsi="http://www.w3.org/2001/XMLSchema-instance" xsi:noNamespaceSchemaLocation="https://maven.apache.org/surefire/maven-surefire-plugin/xsd/surefire-test-report-3.0.xsd" version="3.0" name="TestSuite" time="1.651" tests="3" errors="0" skipped="0" failures="0">
  <properties>
[...]
</properties>
  <testcase name="Method1" classname="package002.TestClass001" time="0.008"/>
  <testcase name="Method2" classname="package002.TestClass001" time="0"/>
  <testcase name="Method3" classname="package002.TestClass001" time="0"/>
</testsuite>