<?xml version="1.0" encoding="UTF-8"?>
<testng-results skipped="0" failed="0" ignored="0" total="3" passed="3">
  <reporter-output>
  </reporter-output>
  <suite name="mavenng" duration-ms="188" started-at="2020-02-07T14:39:23Z" finished-at="2020-02-07T14:39:23Z">
    <groups>
    </groups>
    <test name="flipkart" duration-ms="188" started-at="2020-02-07T14:39:23Z" finished-at="2020-02-07T14:39:23Z">
      <class name="package002.TestClass001">
        <test-method status="PASS" signature="Method1()[pri:0, instance:package002.TestClass001@457e2f02]" name="Method1" duration-ms="17" started-at="2020-02-07T14:39:23Z" finished-at="2020-02-07T14:39:23Z">
          <reporter-output>
          </reporter-output>
        </test-method> <!-- Method1 -->
        <test-method status="PASS" signature="Method2()[pri:0, instance:package002.TestClass001@457e2f02]" name="Method2" duration-ms="2" started-at="2020-02-07T14:39:23Z" finished-at="2020-02-07T14:39:23Z">
          <reporter-output>
          </reporter-output>
        </test-method> <!-- Method2 -->
        <test-method status="PASS" signature="Method3()[pri:0, instance:package002.TestClass001@457e2f02]" name="Method3" duration-ms="1" started-at="2020-02-07T14:39:23Z" finished-at="2020-02-07T14:39:23Z">
          <reporter-output>
          </reporter-output>
        </test-method> <!-- Method3 -->
      </class> <!-- package002.TestClass001 -->
    </test> <!-- flipkart -->
  </suite> <!-- mavenng -->
</testng-results>
