<?xml version="1.0" encoding="UTF-8"?>
<!-- Generated by org.testng.reporters.JUnitXMLReporter -->
<testsuite hostname="LAPTOP-MKUR69J5" ignored="0" name="flipkart" tests="4" failures="1" timestamp="03 Mar 2020 18:25:20 GMT" time="0.13" errors="0">
  <testcase name="Method1" time="0.016" classname="package002.TestClass001"/>
  <testcase name="Method2" time="0.001" classname="package002.TestClass001"/>
  <testcase name="Method3" time="0.001" classname="package002.TestClass001"/>
  <testcase name="Method4" time="0.002" classname="package002.TestClass001">
    <failure type="java.lang.NullPointerException">
      <![CDATA[java.lang.NullPointerException
at package002.TestClass001.Method4(TestClass001.java:37)
... Removed 29 stack frames]]>
    </failure>
  </testcase> <!-- Method4 -->
</testsuite> <!-- flipkart -->
