<?xml version="1.0" encoding="UTF-8"?>
<!-- Generated by org.testng.reporters.JUnitXMLReporter -->
<testsuite hostname="LAPTOP-MKUR69J5" ignored="0" name="flipkart" tests="3" failures="0" timestamp="07 Feb 2020 14:41:47 GMT" time="0.045" errors="0">
  <testcase name="Method1" time="0.01" classname="package002.TestClass001"/>
  <testcase name="Method2" time="0.0" classname="package002.TestClass001"/>
  <testcase name="Method3" time="0.0" classname="package002.TestClass001"/>
</testsuite> <!-- flipkart -->
